0 info it worked if it ends with ok
1 verbose cli [ '/usr/local/bin/node',
1 verbose cli   '/usr/local/bin/npm',
1 verbose cli   'completion',
1 verbose cli   '--',
1 verbose cli   'npm',
1 verbose cli   'info',
1 verbose cli   'cordoo' ]
2 info using npm@1.4.28
3 info using node@v0.10.35
4 verbose request where is /-/short
5 verbose request registry https://registry.npmjs.org/
6 verbose request id 2a6570634984b749
7 verbose url raw /-/short
8 verbose url resolving [ 'https://registry.npmjs.org/', './-/short' ]
9 verbose url resolved https://registry.npmjs.org/-/short
10 verbose request where is https://registry.npmjs.org/-/short
11 info trying registry request attempt 1 at 16:57:10
12 http GET https://registry.npmjs.org/-/short
13 http 404 https://registry.npmjs.org/-/short
14 verbose headers { date: 'Tue, 27 Jan 2015 15:57:15 GMT',
14 verbose headers   server: 'CouchDB/1.5.0 (Erlang OTP/R16B03)',
14 verbose headers   'content-type': 'application/json',
14 verbose headers   'cache-control': 'max-age=0',
14 verbose headers   'content-length': '52',
14 verbose headers   'accept-ranges': 'bytes',
14 verbose headers   via: '1.1 varnish',
14 verbose headers   'x-served-by': 'cache-lhr6335-LHR',
14 verbose headers   'x-cache': 'MISS',
14 verbose headers   'x-cache-hits': '0',
14 verbose headers   'x-timer': 'S1422374235.613190,VS0,VE359',
14 verbose headers   'keep-alive': 'timeout=10, max=50',
14 verbose headers   connection: 'Keep-Alive' }
15 silly registry.get cb [ 404,
15 silly registry.get   { date: 'Tue, 27 Jan 2015 15:57:15 GMT',
15 silly registry.get     server: 'CouchDB/1.5.0 (Erlang OTP/R16B03)',
15 silly registry.get     'content-type': 'application/json',
15 silly registry.get     'cache-control': 'max-age=0',
15 silly registry.get     'content-length': '52',
15 silly registry.get     'accept-ranges': 'bytes',
15 silly registry.get     via: '1.1 varnish',
15 silly registry.get     'x-served-by': 'cache-lhr6335-LHR',
15 silly registry.get     'x-cache': 'MISS',
15 silly registry.get     'x-cache-hits': '0',
15 silly registry.get     'x-timer': 'S1422374235.613190,VS0,VE359',
15 silly registry.get     'keep-alive': 'timeout=10, max=50',
15 silly registry.get     connection: 'Keep-Alive' } ]
16 error TypeError: Object #<Object> has no method 'match'
16 error     at escape (/usr/local/lib/node_modules/npm/lib/completion.js:185:10)
16 error     at /usr/local/lib/node_modules/npm/lib/completion.js:199:14
16 error     at Array.map (native)
16 error     at /usr/local/lib/node_modules/npm/lib/completion.js:197:19
16 error     at RegClient.<anonymous> (/usr/local/lib/node_modules/npm/node_modules/npm-registry-client/lib/get.js:162:20)
16 error     at cb (/usr/local/lib/node_modules/npm/node_modules/npm-registry-client/lib/request.js:57:9)
16 error     at RegClient.<anonymous> (/usr/local/lib/node_modules/npm/node_modules/npm-registry-client/lib/request.js:156:10)
16 error     at cb (/usr/local/lib/node_modules/npm/node_modules/npm-registry-client/lib/request.js:166:9)
16 error     at RegClient.<anonymous> (/usr/local/lib/node_modules/npm/node_modules/npm-registry-client/lib/request.js:320:12)
16 error     at Request._callback (/usr/local/lib/node_modules/npm/node_modules/npm-registry-client/lib/request.js:246:65)
17 error If you need help, you may report this *entire* log,
17 error including the npm and node versions, at:
17 error     <http://github.com/npm/npm/issues>
18 error System Linux 3.13.0-44-generic
19 error command "/usr/local/bin/node" "/usr/local/bin/npm" "completion" "--" "npm" "info" "cordoo"
20 error cwd /home/bekou/Documents/formation/devmobile/ionic-sample/myApp
21 error node -v v0.10.35
22 error npm -v 1.4.28
23 error type undefined_method
24 verbose exit [ 1, true ]
